================================================================================
READING 0 at time:1702011238.6889136
================================================================================
POSITION: (1, 4)
STATE   : (0, 1), FORWARD
updated    log odds map 
 [[ 0.         -2.19722458 -4.39444915 -6.59167373  4.15888308]
 [ 0.          0.         -2.19722458 -2.19722458 -4.39444915]
 [ 0.          0.         -4.39444915  0.          0.        ]
 [ 0.          0.          2.77258872  0.          0.        ]
 [ 0.          0.          0.          0.          0.        ]]
updated probability map 
 [[0.5 0.5 0.5 0.5 0.5]
 [0.5 0.5 0.5 0.5 0.5]
 [0.5 0.5 0.5 0.5 0.5]
 [0.5 0.5 0.5 0.5 0.5]
 [0.5 0.5 0.5 0.5 0.5]]
grid positions for reference 
 [[ 1.  6. 11. 16. 21.]
 [ 2.  7. 12. 17. 22.]
 [ 3.  8. 13. 18. 23.]
 [ 4.  9. 14. 19. 24.]
 [ 5. 10. 15. 20. 25.]]

================================================================================
READING 1 at time:1702011270.4768238
================================================================================
POSITION: (1, 4)
STATE   : (0, 1), FORWARD
updated    log odds map 
 [[ 0.         -2.19722458 -4.39444915 -6.59167373  4.15888308]
 [ 0.          0.         -2.19722458 -2.19722458 -4.39444915]
 [ 0.          0.         -4.39444915  0.          0.        ]
 [ 0.          0.          2.77258872  0.          0.        ]
 [ 0.          0.          0.          0.          0.        ]]
updated probability map 
 [[0. 0. 0. 0. 0.]
 [0. 0. 0. 0. 0.]
 [0. 0. 0. 0. 0.]
 [0. 0. 0. 0. 0.]
 [0. 0. 0. 0. 0.]]
grid positions for reference 
 [[ 1.  6. 11. 16. 21.]
 [ 2.  7. 12. 17. 22.]
 [ 3.  8. 13. 18. 23.]
 [ 4.  9. 14. 19. 24.]
 [ 5. 10. 15. 20. 25.]]

================================================================================
READING 0 at time:1702011238.6889136
================================================================================
POSITION: (1, 4)
STATE   : (0, 1), FORWARD
updated    log odds map 
 [[ 0.         -2.19722458 -4.39444915 -6.59167373  4.15888308]
 [ 0.          0.         -2.19722458 -2.19722458 -4.39444915]
 [ 0.          0.         -4.39444915  0.          0.        ]
 [ 0.          0.          2.77258872  0.          0.        ]
 [ 0.          0.          0.          0.          0.        ]]
updated probability map 
 [[0.5 0.1 0.1 0.1 0.8]
 [0.5 0.5 0.5 0.5 0.5]
 [0.5 0.5 0.5 0.5 0.5]
 [0.5 0.5 0.5 0.5 0.5]
 [0.5 0.5 0.5 0.5 0.5]]
grid positions for reference 
 [[ 1.  6. 11. 16. 21.]
 [ 2.  7. 12. 17. 22.]
 [ 3.  8. 13. 18. 23.]
 [ 4.  9. 14. 19. 24.]
 [ 5. 10. 15. 20. 25.]]

================================================================================
READING 1 at time:1702011270.4768238
================================================================================
POSITION: (1, 4)
STATE   : (0, 1), FORWARD
updated    log odds map 
 [[ 0.         -2.19722458 -4.39444915 -6.59167373  4.15888308]
 [ 0.          0.         -2.19722458 -2.19722458 -4.39444915]
 [ 0.          0.         -4.39444915  0.          0.        ]
 [ 0.          0.          2.77258872  0.          0.        ]
 [ 0.          0.          0.          0.          0.        ]]
updated probability map 
 [[0. 0. 0. 0. 1.]
 [0. 0. 0. 0. 0.]
 [0. 0. 0. 0. 0.]
 [0. 0. 0. 0. 0.]
 [0. 0. 0. 0. 0.]]
grid positions for reference 
 [[ 1.  6. 11. 16. 21.]
 [ 2.  7. 12. 17. 22.]
 [ 3.  8. 13. 18. 23.]
 [ 4.  9. 14. 19. 24.]
 [ 5. 10. 15. 20. 25.]]

================================================================================
READING 0 at time:1702011238.6889136
================================================================================
POSITION: (1, 4)
STATE   : (0, 1), FORWARD
updated    log odds map 
 [[ 0.         -2.19722458 -4.39444915 -6.59167373  4.15888308]
 [ 0.          0.         -2.19722458 -2.19722458 -4.39444915]
 [ 0.          0.         -4.39444915  0.          0.        ]
 [ 0.          0.          2.77258872  0.          0.        ]
 [ 0.          0.          0.          0.          0.        ]]
updated probability map 
 [[0.5        0.1        0.01219512 0.01219512 0.94117647]
 [0.5        0.5        0.5        0.5        0.5       ]
 [0.5        0.5        0.5        0.5        0.5       ]
 [0.5        0.5        0.5        0.5        0.5       ]
 [0.5        0.5        0.5        0.5        0.5       ]]
grid positions for reference 
 [[ 1.  6. 11. 16. 21.]
 [ 2.  7. 12. 17. 22.]
 [ 3.  8. 13. 18. 23.]
 [ 4.  9. 14. 19. 24.]
 [ 5. 10. 15. 20. 25.]]

================================================================================
READING 1 at time:1702011270.4768238
================================================================================
POSITION: (1, 4)
STATE   : (0, 1), FORWARD
updated    log odds map 
 [[ 0.         -2.19722458 -4.39444915 -6.59167373  4.15888308]
 [ 0.          0.         -2.19722458 -2.19722458 -4.39444915]
 [ 0.          0.         -4.39444915  0.          0.        ]
 [ 0.          0.          2.77258872  0.          0.        ]
 [ 0.          0.          0.          0.          0.        ]]
updated probability map 
 [[0. 0. 0. 0. 1.]
 [0. 0. 0. 0. 0.]
 [0. 0. 0. 0. 0.]
 [0. 0. 0. 0. 0.]
 [0. 0. 0. 0. 0.]]
grid positions for reference 
 [[ 1.  6. 11. 16. 21.]
 [ 2.  7. 12. 17. 22.]
 [ 3.  8. 13. 18. 23.]
 [ 4.  9. 14. 19. 24.]
 [ 5. 10. 15. 20. 25.]]

================================================================================
READING 0 at time:1702011238.6889136
================================================================================
POSITION: (1, 4)
STATE   : (0, 1), FORWARD
updated    log odds map 
 [[ 0.         -2.19722458 -4.39444915 -6.59167373  4.15888308]
 [ 0.          0.         -2.19722458 -2.19722458 -4.39444915]
 [ 0.          0.         -4.39444915  0.          0.        ]
 [ 0.          0.          2.77258872  0.          0.        ]
 [ 0.          0.          0.          0.          0.        ]]
updated probability map 
 [[0.5        0.1        0.01219512 0.00136986 0.98461538]
 [0.5        0.5        0.5        0.5        0.5       ]
 [0.5        0.5        0.5        0.5        0.5       ]
 [0.5        0.5        0.5        0.5        0.5       ]
 [0.5        0.5        0.5        0.5        0.5       ]]
grid positions for reference 
 [[ 1.  6. 11. 16. 21.]
 [ 2.  7. 12. 17. 22.]
 [ 3.  8. 13. 18. 23.]
 [ 4.  9. 14. 19. 24.]
 [ 5. 10. 15. 20. 25.]]

================================================================================
READING 1 at time:1702011270.4768238
================================================================================
POSITION: (1, 4)
STATE   : (0, 1), FORWARD
updated    log odds map 
 [[ 0.         -2.19722458 -4.39444915 -6.59167373  4.15888308]
 [ 0.          0.         -2.19722458 -2.19722458 -4.39444915]
 [ 0.          0.         -4.39444915  0.          0.        ]
 [ 0.          0.          2.77258872  0.          0.        ]
 [ 0.          0.          0.          0.          0.        ]]
updated probability map 
 [[0. 0. 0. 0. 1.]
 [0. 0. 0. 0. 0.]
 [0. 0. 0. 0. 0.]
 [0. 0. 0. 0. 0.]
 [0. 0. 0. 0. 0.]]
grid positions for reference 
 [[ 1.  6. 11. 16. 21.]
 [ 2.  7. 12. 17. 22.]
 [ 3.  8. 13. 18. 23.]
 [ 4.  9. 14. 19. 24.]
 [ 5. 10. 15. 20. 25.]]

================================================================================
READING 0 at time:1702011238.6889136
================================================================================
POSITION: (1, 4)
STATE   : (0, 1), FORWARD
updated    log odds map 
 [[ 0.         -2.19722458 -4.39444915 -6.59167373  4.15888308]
 [ 0.          0.         -2.19722458 -2.19722458 -4.39444915]
 [ 0.          0.         -4.39444915  0.          0.        ]
 [ 0.          0.          2.77258872  0.          0.        ]
 [ 0.          0.          0.          0.          0.        ]]
updated probability map 
 [[0.5        0.1        0.01219512 0.00136986 0.98461538]
 [0.5        0.5        0.1        0.5        0.5       ]
 [0.5        0.5        0.1        0.5        0.5       ]
 [0.5        0.5        0.8        0.5        0.5       ]
 [0.5        0.5        0.5        0.5        0.5       ]]
grid positions for reference 
 [[ 1.  6. 11. 16. 21.]
 [ 2.  7. 12. 17. 22.]
 [ 3.  8. 13. 18. 23.]
 [ 4.  9. 14. 19. 24.]
 [ 5. 10. 15. 20. 25.]]

================================================================================
READING 1 at time:1702011270.4768238
================================================================================
POSITION: (1, 4)
STATE   : (0, 1), FORWARD
updated    log odds map 
 [[ 0.         -2.19722458 -4.39444915 -6.59167373  4.15888308]
 [ 0.          0.         -2.19722458 -2.19722458 -4.39444915]
 [ 0.          0.         -4.39444915  0.          0.        ]
 [ 0.          0.          2.77258872  0.          0.        ]
 [ 0.          0.          0.          0.          0.        ]]
updated probability map 
 [[0. 0. 0. 0. 1.]
 [0. 0. 0. 0. 0.]
 [0. 0. 0. 0. 0.]
 [0. 0. 1. 0. 0.]
 [0. 0. 0. 0. 0.]]
grid positions for reference 
 [[ 1.  6. 11. 16. 21.]
 [ 2.  7. 12. 17. 22.]
 [ 3.  8. 13. 18. 23.]
 [ 4.  9. 14. 19. 24.]
 [ 5. 10. 15. 20. 25.]]

================================================================================
READING 0 at time:1702011238.6889136
================================================================================
POSITION: (1, 4)
STATE   : (0, 1), FORWARD
updated    log odds map 
 [[ 0.         -2.19722458 -4.39444915 -6.59167373  4.15888308]
 [ 0.          0.         -2.19722458 -2.19722458 -4.39444915]
 [ 0.          0.         -4.39444915  0.          0.        ]
 [ 0.          0.          2.77258872  0.          0.        ]
 [ 0.          0.          0.          0.          0.        ]]
updated probability map 
 [[0.5        0.1        0.01219512 0.00136986 0.98461538]
 [0.5        0.5        0.1        0.5        0.5       ]
 [0.5        0.5        0.01219512 0.5        0.5       ]
 [0.5        0.5        0.94117647 0.5        0.5       ]
 [0.5        0.5        0.5        0.5        0.5       ]]
grid positions for reference 
 [[ 1.  6. 11. 16. 21.]
 [ 2.  7. 12. 17. 22.]
 [ 3.  8. 13. 18. 23.]
 [ 4.  9. 14. 19. 24.]
 [ 5. 10. 15. 20. 25.]]

================================================================================
READING 1 at time:1702011270.4768238
================================================================================
POSITION: (1, 4)
STATE   : (0, 1), FORWARD
updated    log odds map 
 [[ 0.         -2.19722458 -4.39444915 -6.59167373  4.15888308]
 [ 0.          0.         -2.19722458 -2.19722458 -4.39444915]
 [ 0.          0.         -4.39444915  0.          0.        ]
 [ 0.          0.          2.77258872  0.          0.        ]
 [ 0.          0.          0.          0.          0.        ]]
updated probability map 
 [[0. 0. 0. 0. 1.]
 [0. 0. 0. 0. 0.]
 [0. 0. 0. 0. 0.]
 [0. 0. 1. 0. 0.]
 [0. 0. 0. 0. 0.]]
grid positions for reference 
 [[ 1.  6. 11. 16. 21.]
 [ 2.  7. 12. 17. 22.]
 [ 3.  8. 13. 18. 23.]
 [ 4.  9. 14. 19. 24.]
 [ 5. 10. 15. 20. 25.]]

================================================================================
READING 0 at time:1702011238.6889136
================================================================================
POSITION: (1, 4)
STATE   : (0, 1), FORWARD
updated    log odds map 
 [[ 0.         -2.19722458 -4.39444915 -6.59167373  4.15888308]
 [ 0.          0.         -2.19722458 -2.19722458 -4.39444915]
 [ 0.          0.         -4.39444915  0.          0.        ]
 [ 0.          0.          2.77258872  0.          0.        ]
 [ 0.          0.          0.          0.          0.        ]]
updated probability map 
 [[0.5        0.1        0.01219512 0.00136986 0.98461538]
 [0.5        0.5        0.1        0.1        0.1       ]
 [0.5        0.5        0.01219512 0.5        0.5       ]
 [0.5        0.5        0.94117647 0.5        0.5       ]
 [0.5        0.5        0.5        0.5        0.5       ]]
grid positions for reference 
 [[ 1.  6. 11. 16. 21.]
 [ 2.  7. 12. 17. 22.]
 [ 3.  8. 13. 18. 23.]
 [ 4.  9. 14. 19. 24.]
 [ 5. 10. 15. 20. 25.]]

================================================================================
READING 1 at time:1702011270.4768238
================================================================================
POSITION: (1, 4)
STATE   : (0, 1), FORWARD
updated    log odds map 
 [[ 0.         -2.19722458 -4.39444915 -6.59167373  4.15888308]
 [ 0.          0.         -2.19722458 -2.19722458 -4.39444915]
 [ 0.          0.         -4.39444915  0.          0.        ]
 [ 0.          0.          2.77258872  0.          0.        ]
 [ 0.          0.          0.          0.          0.        ]]
updated probability map 
 [[0. 0. 0. 0. 1.]
 [0. 0. 0. 0. 0.]
 [0. 0. 0. 0. 0.]
 [0. 0. 1. 0. 0.]
 [0. 0. 0. 0. 0.]]
grid positions for reference 
 [[ 1.  6. 11. 16. 21.]
 [ 2.  7. 12. 17. 22.]
 [ 3.  8. 13. 18. 23.]
 [ 4.  9. 14. 19. 24.]
 [ 5. 10. 15. 20. 25.]]

================================================================================
READING 0 at time:1702011238.6889136
================================================================================
POSITION: (1, 4)
STATE   : (0, 1), FORWARD
updated    log odds map 
 [[ 0.         -2.19722458 -4.39444915 -6.59167373  4.15888308]
 [ 0.          0.         -2.19722458 -2.19722458 -4.39444915]
 [ 0.          0.         -4.39444915  0.          0.        ]
 [ 0.          0.          2.77258872  0.          0.        ]
 [ 0.          0.          0.          0.          0.        ]]
updated probability map 
 [[0.5        0.1        0.01219512 0.00136986 0.98461538]
 [0.5        0.5        0.1        0.1        0.01219512]
 [0.5        0.5        0.01219512 0.5        0.5       ]
 [0.5        0.5        0.94117647 0.5        0.5       ]
 [0.5        0.5        0.5        0.5        0.5       ]]
grid positions for reference 
 [[ 1.  6. 11. 16. 21.]
 [ 2.  7. 12. 17. 22.]
 [ 3.  8. 13. 18. 23.]
 [ 4.  9. 14. 19. 24.]
 [ 5. 10. 15. 20. 25.]]

================================================================================
READING 1 at time:1702011270.4768238
================================================================================
POSITION: (1, 4)
STATE   : (0, 1), FORWARD
updated    log odds map 
 [[ 0.         -2.19722458 -4.39444915 -6.59167373  4.15888308]
 [ 0.          0.         -2.19722458 -2.19722458 -4.39444915]
 [ 0.          0.         -4.39444915  0.          0.        ]
 [ 0.          0.          2.77258872  0.          0.        ]
 [ 0.          0.          0.          0.          0.        ]]
updated probability map 
 [[0. 0. 0. 0. 1.]
 [0. 0. 0. 0. 0.]
 [0. 0. 0. 0. 0.]
 [0. 0. 1. 0. 0.]
 [0. 0. 0. 0. 0.]]
grid positions for reference 
 [[ 1.  6. 11. 16. 21.]
 [ 2.  7. 12. 17. 22.]
 [ 3.  8. 13. 18. 23.]
 [ 4.  9. 14. 19. 24.]
 [ 5. 10. 15. 20. 25.]]

================================================================================
READING 0 at time:1702011238.6889136
================================================================================
POSITION: (1, 4)
STATE   : (0, 1), FORWARD
updated    log odds map 
 [[ 0.         -2.19722458 -4.39444915 -6.59167373  4.15888308]
 [ 0.          0.         -2.19722458 -2.19722458 -4.39444915]
 [ 0.          0.         -4.39444915  0.          0.        ]
 [ 0.          0.          2.77258872  0.          0.        ]
 [ 0.          0.          0.          0.          0.        ]]
updated probability map 
 [[0.5        0.1        0.01219512 0.00136986 0.98461538]
 [0.5        0.5        0.1        0.1        0.01219512]
 [0.5        0.5        0.01219512 0.5        0.5       ]
 [0.5        0.5        0.94117647 0.5        0.5       ]
 [0.5        0.5        0.5        0.5        0.5       ]]
grid positions for reference 
 [[ 1.  6. 11. 16. 21.]
 [ 2.  7. 12. 17. 22.]
 [ 3.  8. 13. 18. 23.]
 [ 4.  9. 14. 19. 24.]
 [ 5. 10. 15. 20. 25.]]

================================================================================
READING 1 at time:1702011270.4768238
================================================================================
POSITION: (1, 4)
STATE   : (0, 1), FORWARD
updated    log odds map 
 [[ 0.         -2.19722458 -4.39444915 -6.59167373  4.15888308]
 [ 0.          0.         -2.19722458 -2.19722458 -4.39444915]
 [ 0.          0.         -4.39444915  0.          0.        ]
 [ 0.          0.          2.77258872  0.          0.        ]
 [ 0.          0.          0.          0.          0.        ]]
updated probability map 
 [[0. 0. 0. 0. 1.]
 [0. 0. 0. 0. 0.]
 [0. 0. 0. 0. 0.]
 [0. 0. 1. 0. 0.]
 [0. 0. 0. 0. 0.]]
grid positions for reference 
 [[ 1.  6. 11. 16. 21.]
 [ 2.  7. 12. 17. 22.]
 [ 3.  8. 13. 18. 23.]
 [ 4.  9. 14. 19. 24.]
 [ 5. 10. 15. 20. 25.]]

